[debug] [2025-09-15T13:25:05.297Z] ----------------------------------------------------------------------
[debug] [2025-09-15T13:25:05.300Z] Command:       C:\Program Files\nodejs\node.exe C:\Users\Leonardo Arape\AppData\Roaming\npm\node_modules\firebase-tools\lib\bin\firebase.js init
[debug] [2025-09-15T13:25:05.300Z] CLI Version:   14.16.0
[debug] [2025-09-15T13:25:05.300Z] Platform:      win32
[debug] [2025-09-15T13:25:05.300Z] Node Version:  v22.17.0
[debug] [2025-09-15T13:25:05.300Z] Time:          Mon Sep 15 2025 08:25:05 GMT-0500 (hora estándar de Colombia)
[debug] [2025-09-15T13:25:05.300Z] ----------------------------------------------------------------------
[debug] 
[debug] [2025-09-15T13:25:05.436Z] > command requires scopes: ["email","openid","https://www.googleapis.com/auth/cloudplatformprojects.readonly","https://www.googleapis.com/auth/firebase","https://www.googleapis.com/auth/cloud-platform"]
[debug] [2025-09-15T13:25:05.436Z] > authorizing via signed-in user (ljarape@misena.edu.co)
[info] 
     ######## #### ########  ######## ########     ###     ######  ########
     ##        ##  ##     ## ##       ##     ##  ##   ##  ##       ##
     ######    ##  ########  ######   ########  #########  ######  ######
     ##        ##  ##    ##  ##       ##     ## ##     ##       ## ##
     ##       #### ##     ## ######## ########  ##     ##  ######  ########

You're about to initialize a Firebase project in this directory:

  C:\Users\Leonardo Arape\Documents\aspirantes-sena-front

Before we get started, keep in mind:

  * You are initializing within an existing Firebase project directory

[debug] [2025-09-15T13:25:15.710Z] ExitPromptError: User force closed the prompt with SIGINT
    at Interface.sigint (C:\Users\Leonardo Arape\AppData\Roaming\npm\node_modules\firebase-tools\node_modules\@inquirer\core\dist\commonjs\lib\create-prompt.js:101:37)
    at Interface.emit (node:events:518:28)
    at Interface.emit (node:domain:489:12)
    at [_ttyWrite] [as _ttyWrite] (node:internal/readline/interface:1132:18)
    at ReadStream.onkeypress (node:internal/readline/interface:271:20)
    at ReadStream.emit (node:events:530:35)
    at ReadStream.emit (node:domain:489:12)
    at emitKeys (node:internal/readline/utils:370:14)
    at emitKeys.next (<anonymous>)
    at ReadStream.onData (node:internal/readline/emitKeypressEvents:64:36)
[error] 
[error] Error: An unexpected error has occurred.
